<?xml version="1.0" encoding="UTF-8"?>
<!-- Generated by org.testng.reporters.JUnitReportReporter -->
<testsuite hostname="RaviKonka" failures="0" tests="4" name="api.tests.UserTests2" time="6.422" errors="0" timestamp="12 Feb 2024 00:41:36 GMT" skipped="0">
  <testcase classname="api.tests.UserTests2" name="testCreateUser" time="1.938"/>
  <testcase classname="api.tests.UserTests2" name="testGetUser" time="0.515"/>
  <testcase classname="api.tests.UserTests2" name="testPutUser" time="2.583"/>
  <testcase classname="api.tests.UserTests2" name="testDeleteUser" time="1.386"/>
</testsuite> <!-- api.tests.UserTests2 -->
