<?xml version="1.0" encoding="UTF-8"?>
<!-- Generated by org.testng.reporters.JUnitReportReporter -->
<testsuite hostname="RaviKonka" failures="0" tests="8" name="api.tests.DataDrivenTests" time="3.818" errors="0" timestamp="09 Feb 2024 04:14:25 GMT" skipped="0">
  <testcase classname="api.tests.DataDrivenTests" name="testPostUser" time="1.751"/>
  <testcase classname="api.tests.DataDrivenTests" name="testPostUser" time="0.324"/>
  <testcase classname="api.tests.DataDrivenTests" name="testPostUser" time="0.286"/>
  <testcase classname="api.tests.DataDrivenTests" name="testPostUser" time="0.287"/>
  <testcase classname="api.tests.DataDrivenTests" name="testDeleteUser" time="0.304"/>
  <testcase classname="api.tests.DataDrivenTests" name="testDeleteUser" time="0.261"/>
  <testcase classname="api.tests.DataDrivenTests" name="testDeleteUser" time="0.327"/>
  <testcase classname="api.tests.DataDrivenTests" name="testDeleteUser" time="0.278"/>
</testsuite> <!-- api.tests.DataDrivenTests -->
