<?xml version="1.0" encoding="UTF-8"?>
<!-- Generated by org.testng.reporters.JUnitReportReporter -->
<testsuite hostname="RaviKonka" failures="0" tests="1" name="api.endpoints.UserEndPoints2" time="0.009" errors="0" timestamp="11 Feb 2024 20:53:52 GMT" skipped="0">
  <testcase classname="api.endpoints.UserEndPoints2" name="test" time="0.009"/>
</testsuite> <!-- api.endpoints.UserEndPoints2 -->
