<?xml version="1.0" encoding="UTF-8"?>
<!-- Generated by org.testng.reporters.JUnitReportReporter -->
<testsuite hostname="RaviKonka" failures="0" tests="4" name="api.tests.UserTests" time="2.898" errors="0" timestamp="11 Feb 2024 21:22:26 GMT" skipped="0">
  <testcase classname="api.tests.UserTests" name="testCreateUser" time="1.694"/>
  <testcase classname="api.tests.UserTests" name="testGetUser" time="0.341"/>
  <testcase classname="api.tests.UserTests" name="testPutUser" time="0.583"/>
  <testcase classname="api.tests.UserTests" name="testDeleteUser" time="0.280"/>
</testsuite> <!-- api.tests.UserTests -->
