<?xml version="1.0" encoding="UTF-8"?>
<!-- Generated by org.testng.reporters.JUnitReportReporter -->
<testsuite hostname="RaviKonka" failures="0" tests="8" name="api.tests.DataDrivenTests" time="7.438" errors="0" timestamp="12 Feb 2024 00:42:51 GMT" skipped="0">
  <testcase classname="api.tests.DataDrivenTests" name="testPostUser" time="0.290"/>
  <testcase classname="api.tests.DataDrivenTests" name="testPostUser" time="0.587"/>
  <testcase classname="api.tests.DataDrivenTests" name="testPostUser" time="2.071"/>
  <testcase classname="api.tests.DataDrivenTests" name="testPostUser" time="2.425"/>
  <testcase classname="api.tests.DataDrivenTests" name="testDeleteUser" time="0.285"/>
  <testcase classname="api.tests.DataDrivenTests" name="testDeleteUser" time="0.263"/>
  <testcase classname="api.tests.DataDrivenTests" name="testDeleteUser" time="0.360"/>
  <testcase classname="api.tests.DataDrivenTests" name="testDeleteUser" time="1.157"/>
</testsuite> <!-- api.tests.DataDrivenTests -->
