<?xml version="1.0" encoding="UTF-8"?>
<!-- Generated by org.testng.reporters.JUnitReportReporter -->
<testsuite hostname="RaviKonka" failures="0" tests="4" name="api.tests.UserTests" time="2.846" errors="0" timestamp="12 Feb 2024 00:42:51 GMT" skipped="0">
  <testcase classname="api.tests.UserTests" name="testCreateUser" time="1.722"/>
  <testcase classname="api.tests.UserTests" name="testGetUser" time="0.276"/>
  <testcase classname="api.tests.UserTests" name="testPutUser" time="0.570"/>
  <testcase classname="api.tests.UserTests" name="testDeleteUser" time="0.278"/>
</testsuite> <!-- api.tests.UserTests -->
